{
  "0 debug pnpm:scope": {
    "selected": 1
  },
  "1 error pnpm": {
    "errno": 1,
    "code": "ELIFECYCLE",
    "pkgid": "xapi@0.1.0",
    "stage": "start",
    "script": "react-scripts start ",
    "pkgname": "xapi",
    "err": {
      "name": "pnpm",
      "message": "xapi@0.1.0 start: `react-scripts start `\nExit status 1",
      "code": "ELIFECYCLE",
      "stack": "pnpm: xapi@0.1.0 start: `react-scripts start `\nExit status 1\n    at EventEmitter.<anonymous> (C:\\Users\\svenj\\AppData\\Roaming\\npm\\node_modules\\pnpm\\dist\\pnpm.cjs:107358:20)\n    at EventEmitter.emit (node:events:527:28)\n    at ChildProcess.<anonymous> (C:\\Users\\svenj\\AppData\\Roaming\\npm\\node_modules\\pnpm\\dist\\pnpm.cjs:93924:18)\n    at ChildProcess.emit (node:events:527:28)\n    at maybeClose (node:internal/child_process:1092:16)\n    at Process.ChildProcess._handle.onexit (node:internal/child_process:302:5)"
    }
  },
  "2 warn pnpm:global": " Local package.json exists, but node_modules missing, did you mean to install?"
}